# JRE version: Java(TM) SE Runtime Environment (8.0_77-b03) (build 1.8.0_77-b03)
# Java VM: Java HotSpot(TM) 64-Bit Server VM (25.77-b03 mixed mode bsd-amd64 compressed oops)
Heap:
 PSYoungGen      total 142848K, used 98321K [0x00000007aab00000, 0x00000007b3c00000, 0x00000007c0000000)
  eden space 137728K, 68% used [0x00000007aab00000,0x00000007b07b1ee0,0x00000007b3180000)
  from space 5120K, 66% used [0x00000007b3180000,0x00000007b34d2590,0x00000007b3680000)
  to   space 5120K, 0% used [0x00000007b3700000,0x00000007b3700000,0x00000007b3c00000)
 ParOldGen       total 455680K, used 226803K [0x0000000780000000, 0x000000079bd00000, 0x00000007aab00000)
  object space 455680K, 49% used [0x0000000780000000,0x000000078dd7cd80,0x000000079bd00000)
 Metaspace       used 158738K, capacity 172868K, committed 173120K, reserved 1200128K
  class space    used 18402K, capacity 22563K, committed 22592K, reserved 1048576K
GC Heap History (10 events):
Event: 152673.602 GC heap before
{Heap before GC invocations=1946 (full 765):
 PSYoungGen      total 142336K, used 139177K [0x00000007aab00000, 0x00000007b3b80000, 0x00000007c0000000)
  eden space 136704K, 100% used [0x00000007aab00000,0x00000007b3080000,0x00000007b3080000)
  from space 5632K, 43% used [0x00000007b3600000,0x00000007b386a590,0x00000007b3b80000)
  to   space 5632K, 0% used [0x00000007b3080000,0x00000007b3080000,0x00000007b3600000)
 ParOldGen       total 455680K, used 226579K [0x0000000780000000, 0x000000079bd00000, 0x00000007aab00000)
  object space 455680K, 49% used [0x0000000780000000,0x000000078dd44d80,0x000000079bd00000)
 Metaspace       used 158646K, capacity 172804K, committed 173120K, reserved 1200128K
  class space    used 18402K, capacity 22563K, committed 22592K, reserved 1048576K
Event: 152673.615 GC heap after
Heap after GC invocations=1946 (full 765):
 PSYoungGen      total 142336K, used 3305K [0x00000007aab00000, 0x00000007b3b00000, 0x00000007c0000000)
  eden space 136704K, 0% used [0x00000007aab00000,0x00000007aab00000,0x00000007b3080000)
  from space 5632K, 58% used [0x00000007b3080000,0x00000007b33ba590,0x00000007b3600000)
  to   space 5120K, 0% used [0x00000007b3600000,0x00000007b3600000,0x00000007b3b00000)
 ParOldGen       total 455680K, used 226611K [0x0000000780000000, 0x000000079bd00000, 0x00000007aab00000)
  object space 455680K, 49% used [0x0000000780000000,0x000000078dd4cd80,0x000000079bd00000)
 Metaspace       used 158646K, capacity 172804K, committed 173120K, reserved 1200128K
  class space    used 18402K, capacity 22563K, committed 22592K, reserved 1048576K
}
Event: 152734.188 GC heap before
{Heap before GC invocations=1947 (full 765):
 PSYoungGen      total 142336K, used 140009K [0x00000007aab00000, 0x00000007b3b00000, 0x00000007c0000000)
  eden space 136704K, 100% used [0x00000007aab00000,0x00000007b3080000,0x00000007b3080000)
  from space 5632K, 58% used [0x00000007b3080000,0x00000007b33ba590,0x00000007b3600000)
  to   space 5120K, 0% used [0x00000007b3600000,0x00000007b3600000,0x00000007b3b00000)
 ParOldGen       total 455680K, used 226611K [0x0000000780000000, 0x000000079bd00000, 0x00000007aab00000)
  object space 455680K, 49% used [0x0000000780000000,0x000000078dd4cd80,0x000000079bd00000)
 Metaspace       used 158660K, capacity 172804K, committed 173120K, reserved 1200128K
  class space    used 18402K, capacity 22563K, committed 22592K, reserved 1048576K
Event: 152734.205 GC heap after
Heap after GC invocations=1947 (full 765):
 PSYoungGen      total 142336K, used 3241K [0x00000007aab00000, 0x00000007b3b00000, 0x00000007c0000000)
  eden space 137216K, 0% used [0x00000007aab00000,0x00000007aab00000,0x00000007b3100000)
  from space 5120K, 63% used [0x00000007b3600000,0x00000007b392a590,0x00000007b3b00000)
  to   space 5120K, 0% used [0x00000007b3100000,0x00000007b3100000,0x00000007b3600000)
 ParOldGen       total 455680K, used 226675K [0x0000000780000000, 0x000000079bd00000, 0x00000007aab00000)
  object space 455680K, 49% used [0x0000000780000000,0x000000078dd5cd80,0x000000079bd00000)
 Metaspace       used 158660K, capacity 172804K, committed 173120K, reserved 1200128K
  class space    used 18402K, capacity 22563K, committed 22592K, reserved 1048576K
}
Event: 152866.090 GC heap before
{Heap before GC invocations=1948 (full 765):
 PSYoungGen      total 142336K, used 140457K [0x00000007aab00000, 0x00000007b3b00000, 0x00000007c0000000)
  eden space 137216K, 100% used [0x00000007aab00000,0x00000007b3100000,0x00000007b3100000)
  from space 5120K, 63% used [0x00000007b3600000,0x00000007b392a590,0x00000007b3b00000)
  to   space 5120K, 0% used [0x00000007b3100000,0x00000007b3100000,0x00000007b3600000)
 ParOldGen       total 455680K, used 226675K [0x0000000780000000, 0x000000079bd00000, 0x00000007aab00000)
  object space 455680K, 49% used [0x0000000780000000,0x000000078dd5cd80,0x000000079bd00000)
 Metaspace       used 158682K, capacity 172868K, committed 173120K, reserved 1200128K
  class space    used 18402K, capacity 22563K, committed 22592K, reserved 1048576K
Event: 152866.099 GC heap after
Heap after GC invocations=1948 (full 765):
 PSYoungGen      total 142336K, used 4233K [0x00000007aab00000, 0x00000007b3b80000, 0x00000007c0000000)
  eden space 137216K, 0% used [0x00000007aab00000,0x00000007aab00000,0x00000007b3100000)
  from space 5120K, 82% used [0x00000007b3100000,0x00000007b3522590,0x00000007b3600000)
  to   space 5120K, 0% used [0x00000007b3680000,0x00000007b3680000,0x00000007b3b80000)
 ParOldGen       total 455680K, used 226755K [0x0000000780000000, 0x000000079bd00000, 0x00000007aab00000)
  object space 455680K, 49% used [0x0000000780000000,0x000000078dd70d80,0x000000079bd00000)
 Metaspace       used 158682K, capacity 172868K, committed 173120K, reserved 1200128K
  class space    used 18402K, capacity 22563K, committed 22592K, reserved 1048576K
}
Event: 152917.049 GC heap before
{Heap before GC invocations=1949 (full 765):
 PSYoungGen      total 142336K, used 141449K [0x00000007aab00000, 0x00000007b3b80000, 0x00000007c0000000)
  eden space 137216K, 100% used [0x00000007aab00000,0x00000007b3100000,0x00000007b3100000)
  from space 5120K, 82% used [0x00000007b3100000,0x00000007b3522590,0x00000007b3600000)
  to   space 5120K, 0% used [0x00000007b3680000,0x00000007b3680000,0x00000007b3b80000)
 ParOldGen       total 455680K, used 226755K [0x0000000780000000, 0x000000079bd00000, 0x00000007aab00000)
  object space 455680K, 49% used [0x0000000780000000,0x000000078dd70d80,0x000000079bd00000)
 Metaspace       used 158712K, capacity 172868K, committed 173120K, reserved 1200128K
  class space    used 18402K, capacity 22563K, committed 22592K, reserved 1048576K
Event: 152917.064 GC heap after
Heap after GC invocations=1949 (full 765):
 PSYoungGen      total 142848K, used 2953K [0x00000007aab00000, 0x00000007b3b80000, 0x00000007c0000000)
  eden space 137728K, 0% used [0x00000007aab00000,0x00000007aab00000,0x00000007b3180000)
  from space 5120K, 57% used [0x00000007b3680000,0x00000007b3962590,0x00000007b3b80000)
  to   space 5120K, 0% used [0x00000007b3180000,0x00000007b3180000,0x00000007b3680000)
 ParOldGen       total 455680K, used 226795K [0x0000000780000000, 0x000000079bd00000, 0x00000007aab00000)
  object space 455680K, 49% used [0x0000000780000000,0x000000078dd7ad80,0x000000079bd00000)
 Metaspace       used 158712K, capacity 172868K, committed 173120K, reserved 1200128K
  class space    used 18402K, capacity 22563K, committed 22592K, reserved 1048576K
}
Event: 153002.483 GC heap before
{Heap before GC invocations=1950 (full 765):
 PSYoungGen      total 142848K, used 140681K [0x00000007aab00000, 0x00000007b3b80000, 0x00000007c0000000)
  eden space 137728K, 100% used [0x00000007aab00000,0x00000007b3180000,0x00000007b3180000)
  from space 5120K, 57% used [0x00000007b3680000,0x00000007b3962590,0x00000007b3b80000)
  to   space 5120K, 0% used [0x00000007b3180000,0x00000007b3180000,0x00000007b3680000)
 ParOldGen       total 455680K, used 226795K [0x0000000780000000, 0x000000079bd00000, 0x00000007aab00000)
  object space 455680K, 49% used [0x0000000780000000,0x000000078dd7ad80,0x000000079bd00000)
 Metaspace       used 158730K, capacity 172868K, committed 173120K, reserved 1200128K
  class space    used 18402K, capacity 22563K, committed 22592K, reserved 1048576K
Event: 153002.492 GC heap after
Heap after GC invocations=1950 (full 765):
 PSYoungGen      total 142848K, used 3401K [0x00000007aab00000, 0x00000007b3c00000, 0x00000007c0000000)
  eden space 137728K, 0% used [0x00000007aab00000,0x00000007aab00000,0x00000007b3180000)
  from space 5120K, 66% used [0x00000007b3180000,0x00000007b34d2590,0x00000007b3680000)
  to   space 5120K, 0% used [0x00000007b3700000,0x00000007b3700000,0x00000007b3c00000)
 ParOldGen       total 455680K, used 226803K [0x0000000780000000, 0x000000079bd00000, 0x00000007aab00000)
  object space 455680K, 49% used [0x0000000780000000,0x000000078dd7cd80,0x000000079bd00000)
 Metaspace       used 158730K, capacity 172868K, committed 173120K, reserved 1200128K
  class space    used 18402K, capacity 22563K, committed 22592K, reserved 1048576K
}

